gatelibrary/build/outputs/logs/manifest-merger-debug-report.txt
-- Merging decision tree log ---
manifest
ADDED from src\main\AndroidManifest.xml:2:1-22:12
INJECTED from src\main\AndroidManifest.xml:2:1-22:12
INJECTED from src\main\AndroidManifest.xml:2:1-22:12
INJECTED from src\main\AndroidManifest.xml:2:1-22:12
INJECTED from src\main\AndroidManifest.xml:2:1-22:12
INJECTED from src\main\AndroidManifest.xml:2:1-22:12
INJECTED from src\main\AndroidManifest.xml:2:1-22:12
	package
		ADDED from src\main\AndroidManifest.xml:3:5-53
		INJECTED from src\main\AndroidManifest.xml
		INJECTED from src\main\AndroidManifest.xml
	android:versionName
		INJECTED from src\main\AndroidManifest.xml
		ADDED from src\main\AndroidManifest.xml:2:1-22:12
		INJECTED from src\main\AndroidManifest.xml
	android:versionCode
		INJECTED from src\main\AndroidManifest.xml
		ADDED from src\main\AndroidManifest.xml:2:1-22:12
		INJECTED from src\main\AndroidManifest.xml
	xmlns:android
		ADDED from src\main\AndroidManifest.xml:2:11-69
uses-permission#android.permission.WRITE_EXTERNAL_STORAGE
ADDED from src\main\AndroidManifest.xml:6:5-80
	android:name
		ADDED from src\main\AndroidManifest.xml:6:22-78
uses-permission#android.permission.MOUNT_UNMOUNT_FILESYSTEMS
ADDED from src\main\AndroidManifest.xml:8:5-83
	android:name
		ADDED from src\main\AndroidManifest.xml:8:22-81
uses-permission#android.permission.READ_EXTERNAL_STORAGE
ADDED from src\main\AndroidManifest.xml:11:5-80
	android:name
		ADDED from src\main\AndroidManifest.xml:11:22-77
application
ADDED from src\main\AndroidManifest.xml:12:5-20:19
activity#com.baidu.idl.main.facesdk.activity.gate.FaceRgbNirDepthGataActivity
ADDED from src\main\AndroidManifest.xml:13:9-114
	android:name
		ADDED from src\main\AndroidManifest.xml:13:19-102
activity#com.baidu.idl.main.facesdk.setting.GateSettingActivity
ADDED from src\main\AndroidManifest.xml:14:9-91
	android:name
		ADDED from src\main\AndroidManifest.xml:14:19-88
activity#com.baidu.idl.main.facesdk.activity.gate.FaceRGBGateActivity
ADDED from src\main\AndroidManifest.xml:15:9-97
	android:name
		ADDED from src\main\AndroidManifest.xml:15:19-94
activity#com.baidu.idl.main.facesdk.activity.gate.FaceNIRGateActivriy
ADDED from src\main\AndroidManifest.xml:16:9-97
	android:name
		ADDED from src\main\AndroidManifest.xml:16:19-94
activity#com.baidu.idl.main.facesdk.activity.gate.FaceDepthGateActivity
ADDED from src\main\AndroidManifest.xml:17:9-99
	android:name
		ADDED from src\main\AndroidManifest.xml:17:19-96
activity#com.baidu.idl.main.facesdk.activity.gate.FaceLimActivity
ADDED from src\main\AndroidManifest.xml:18:9-93
	android:name
		ADDED from src\main\AndroidManifest.xml:18:19-90
activity#com.baidu.idl.main.facesdk.activity.gate.FaceDeptrumGateActivity
ADDED from src\main\AndroidManifest.xml:19:9-101
	android:name
		ADDED from src\main\AndroidManifest.xml:19:19-98
uses-sdk
INJECTED from src\main\AndroidManifest.xml reason: use-sdk injection requested
INJECTED from src\main\AndroidManifest.xml
INJECTED from src\main\AndroidManifest.xml
INJECTED from src\main\AndroidManifest.xml
INJECTED from src\main\AndroidManifest.xml
	android:targetSdkVersion
		INJECTED from src\main\AndroidManifest.xml
		ADDED from src\main\AndroidManifest.xml
		INJECTED from src\main\AndroidManifest.xml
	android:minSdkVersion
		INJECTED from src\main\AndroidManifest.xml
		ADDED from src\main\AndroidManifest.xml
		INJECTED from src\main\AndroidManifest.xml